Using pre-set license
Built from '2020.3/staging' branch; Version is '2020.3.4f1 (0abb6314276a) revision 703331'; Using compiler version '192528614'; Build Type 'Release'
OS: 'Windows 10 Pro; OS build 19042.985; Version 2009; 64bit' Language: 'ru' Physical Memory: 8120 MB
BatchMode: 1, IsHumanControllingUs: 0, StartBugReporterOnCrash: 0, Is64bit: 1, IsPro: 0

 COMMAND LINE ARGUMENTS:
D:\Programs\GameDev\Unity\Hub\Editor\2020.3.4f1\Editor\Unity.exe
-adb2
-batchMode
-noUpm
-name
AssetImportWorker0
-projectPath
D:/Programs/GameDev/MGQHH/Unity Project/MGQHH
-logFile
Logs/AssetImportWorker0.log
-srvPort
54050
Successfully changed project path to: D:/Programs/GameDev/MGQHH/Unity Project/MGQHH
D:/Programs/GameDev/MGQHH/Unity Project/MGQHH
Using Asset Import Pipeline V2.
Refreshing native plugins compatible for Editor in 54.07 ms, found 1 plugins.
Preloading 0 native plugins for Editor in 0.00 ms.
Initialize engine version: 2020.3.4f1 (0abb6314276a)
[Subsystems] Discovering subsystems at path D:/Programs/GameDev/Unity/Hub/Editor/2020.3.4f1/Editor/Data/Resources/UnitySubsystems
[Subsystems] Discovering subsystems at path D:/Programs/GameDev/MGQHH/Unity Project/MGQHH/Assets
GfxDevice: creating device client; threaded=0
Direct3D:
    Version:  Direct3D 11.0 [level 11.1]
    Renderer: NVIDIA GeForce GTX 1050 Ti (ID=0x1c82)
    Vendor:   
    VRAM:     4018 MB
    Driver:   27.21.14.5671
Initialize mono
Mono path[0] = 'D:/Programs/GameDev/Unity/Hub/Editor/2020.3.4f1/Editor/Data/Managed'
Mono path[1] = 'D:/Programs/GameDev/Unity/Hub/Editor/2020.3.4f1/Editor/Data/MonoBleedingEdge/lib/mono/unityjit'
Mono config path = 'D:/Programs/GameDev/Unity/Hub/Editor/2020.3.4f1/Editor/Data/MonoBleedingEdge/etc'
Using monoOptions --debugger-agent=transport=dt_socket,embedding=1,server=y,suspend=n,address=127.0.0.1:56260
Begin MonoManager ReloadAssembly
Registering precompiled unity dll's ...
Register platform support module: D:/Programs/GameDev/Unity/Hub/Editor/2020.3.4f1/Editor/Data/PlaybackEngines/WindowsStandaloneSupport/UnityEditor.WindowsStandalone.Extensions.dll
Registered in 0.003281 seconds.
Native extension for WindowsStandalone target not found
Refreshing native plugins compatible for Editor in 50.09 ms, found 1 plugins.
Preloading 0 native plugins for Editor in 0.00 ms.
Mono: successfully reloaded assembly
- Completed reload, in  2.112 seconds
Platform modules already initialized, skipping
Registering precompiled user dll's ...
Registered in 0.001227 seconds.
Begin MonoManager ReloadAssembly
Native extension for WindowsStandalone target not found
Refreshing native plugins compatible for Editor in 48.17 ms, found 1 plugins.
Preloading 0 native plugins for Editor in 0.00 ms.
Mono: successfully reloaded assembly
- Completed reload, in  1.494 seconds
Platform modules already initialized, skipping
========================================================================
Worker process is ready to serve import requests
Launched and connected shader compiler UnityShaderCompiler.exe after 0.11 seconds
Refreshing native plugins compatible for Editor in 0.55 ms, found 1 plugins.
Preloading 0 native plugins for Editor in 0.00 ms.
Unloading 1808 Unused Serialized files (Serialized files now loaded: 0)
System memory in use before: 84.9 MB.
System memory in use after: 84.9 MB.

Unloading 24 unused Assets to reduce memory usage. Loaded Objects now: 2250.
Total: 2.577500 ms (FindLiveObjects: 0.253700 ms CreateObjectMapping: 0.050500 ms MarkObjects: 2.111200 ms  DeleteObjects: 0.160500 ms)

========================================================================
Received Import Request.
  path: Assets
  artifactKey: Guid(00000000000000001000000000000000) Importer(815301076,1909f56bfc062723c751e8b465ee728b)
Start importing Assets using Guid(00000000000000001000000000000000) Importer(815301076,1909f56bfc062723c751e8b465ee728b)  -> (artifact id: '025e4f587c23674256bb898581e82961') in 0.027971 seconds
  Import took 0.050644 seconds .

========================================================================
Received Import Request.
  Time since last request: 17.343638 seconds.
  path: Assets/Surce
  artifactKey: Guid(06cf9bea147a67843a422eaecb199e42) Importer(815301076,1909f56bfc062723c751e8b465ee728b)
Start importing Assets/Surce using Guid(06cf9bea147a67843a422eaecb199e42) Importer(815301076,1909f56bfc062723c751e8b465ee728b)  -> (artifact id: 'b01ad6284523cf3d5b916dd6d81dd9a1') in 0.015952 seconds
  Import took 0.019496 seconds .

========================================================================
Received Import Request.
  Time since last request: 18.227319 seconds.
  path: Assets/Surce/Sprites
  artifactKey: Guid(421083bb93250074fbfcddcb9c1552cd) Importer(815301076,1909f56bfc062723c751e8b465ee728b)
Start importing Assets/Surce/Sprites using Guid(421083bb93250074fbfcddcb9c1552cd) Importer(815301076,1909f56bfc062723c751e8b465ee728b)  -> (artifact id: '0fcff6c5c1ad2d660c921f5665e5c603') in 0.013033 seconds
  Import took 0.016649 seconds .

========================================================================
Received Import Request.
  Time since last request: 12.375420 seconds.
  path: Assets/Surce/Sprites/Characters
  artifactKey: Guid(2623f8ca0411e4844a6745e6b63f1aee) Importer(815301076,1909f56bfc062723c751e8b465ee728b)
Start importing Assets/Surce/Sprites/Characters using Guid(2623f8ca0411e4844a6745e6b63f1aee) Importer(815301076,1909f56bfc062723c751e8b465ee728b)  -> (artifact id: '236679856a43e9930a3b163b92cba30f') in 0.009019 seconds
  Import took 0.013321 seconds .

========================================================================
Received Import Request.
  Time since last request: 29.208861 seconds.
  path: Assets/Surce/Sprites/Characters/Gaia
  artifactKey: Guid(ab96042dc44608d45b9d1dacecfb42ba) Importer(815301076,1909f56bfc062723c751e8b465ee728b)
Start importing Assets/Surce/Sprites/Characters/Gaia using Guid(ab96042dc44608d45b9d1dacecfb42ba) Importer(815301076,1909f56bfc062723c751e8b465ee728b)  -> (artifact id: '544ed5baa47439a0e75afae694094f55') in 0.009671 seconds
  Import took 0.013532 seconds .

========================================================================
Received Import Request.
  Time since last request: 7.423439 seconds.
  path: Assets/Surce/Sprites/Characters/Roa
  artifactKey: Guid(c875869879cbfae4192ad9792d0dd6c5) Importer(815301076,1909f56bfc062723c751e8b465ee728b)
Start importing Assets/Surce/Sprites/Characters/Roa using Guid(c875869879cbfae4192ad9792d0dd6c5) Importer(815301076,1909f56bfc062723c751e8b465ee728b)  -> (artifact id: '6badaff101bb65bd5f6f00255969b2cd') in 0.011098 seconds
  Import took 0.020239 seconds .

========================================================================
Received Import Request.
  Time since last request: 8.119054 seconds.
  path: Assets/Surce/Sprites/Characters/Humans
  artifactKey: Guid(4f189914e8466db4293656677e0f1925) Importer(815301076,1909f56bfc062723c751e8b465ee728b)
Start importing Assets/Surce/Sprites/Characters/Humans using Guid(4f189914e8466db4293656677e0f1925) Importer(815301076,1909f56bfc062723c751e8b465ee728b)  -> (artifact id: 'ef3207871c6de7e09c5a0c9935ee94e5') in 0.010792 seconds
  Import took 0.036796 seconds .

========================================================================
Received Import Request.
  Time since last request: 18.003938 seconds.
  path: Assets/Surce/Sprites/Characters/Gaia/Гайа.png
  artifactKey: Guid(23a38993a18943d49ad0e2f63317219a) Importer(815301076,1909f56bfc062723c751e8b465ee728b)
Start importing Assets/Surce/Sprites/Characters/Gaia/Гайа.png using Guid(23a38993a18943d49ad0e2f63317219a) Importer(815301076,1909f56bfc062723c751e8b465ee728b)  -> (artifact id: 'de4f6b9bd6f6666ee7c22b856872783b') in 0.294069 seconds
  Import took 0.322070 seconds .

========================================================================
Received Import Request.
  Time since last request: 15.997360 seconds.
  path: Assets/Surce/Sprites/Characters/Roa/Роа.png
  artifactKey: Guid(64e5d84ecaad09a43a52e4ca779d7bca) Importer(815301076,1909f56bfc062723c751e8b465ee728b)
Start importing Assets/Surce/Sprites/Characters/Roa/Роа.png using Guid(64e5d84ecaad09a43a52e4ca779d7bca) Importer(815301076,1909f56bfc062723c751e8b465ee728b)  -> (artifact id: 'ca70b4023834989aa1b41de05e4d7389') in 0.029653 seconds
  Import took 0.058228 seconds .

========================================================================
Received Import Request.
  Time since last request: 30.553856 seconds.
  path: Assets/Surce/Sprites/Characters/Humans/DED инсайд 1.png
  artifactKey: Guid(342600a38fb71a44ab608e1bb9108d1b) Importer(815301076,1909f56bfc062723c751e8b465ee728b)
Start importing Assets/Surce/Sprites/Characters/Humans/DED инсайд 1.png using Guid(342600a38fb71a44ab608e1bb9108d1b) Importer(815301076,1909f56bfc062723c751e8b465ee728b)  -> (artifact id: '532b2936e26b67a6af45c5a95741a80f') in 0.021545 seconds
  Import took 0.045686 seconds .

========================================================================
Received Import Request.
  Time since last request: 0.000239 seconds.
  path: Assets/Surce/Sprites/Characters/Humans/Мужичище 1.png
  artifactKey: Guid(dc2412b4b086b6347b96879b28e6a7d0) Importer(815301076,1909f56bfc062723c751e8b465ee728b)
Start importing Assets/Surce/Sprites/Characters/Humans/Мужичище 1.png using Guid(dc2412b4b086b6347b96879b28e6a7d0) Importer(815301076,1909f56bfc062723c751e8b465ee728b)  -> (artifact id: 'a2ede8fbf10a8140e08822c7f3d2cf01') in 0.019963 seconds
  Import took 0.023046 seconds .

========================================================================
Received Import Request.
  Time since last request: 0.000221 seconds.
  path: Assets/Surce/Sprites/Characters/Humans/Поцык 1.png
  artifactKey: Guid(55f4c23a76452504da31416ff4a2a7b6) Importer(815301076,1909f56bfc062723c751e8b465ee728b)
Start importing Assets/Surce/Sprites/Characters/Humans/Поцык 1.png using Guid(55f4c23a76452504da31416ff4a2a7b6) Importer(815301076,1909f56bfc062723c751e8b465ee728b)  -> (artifact id: '5d0ddd07c65ba6347115e0487cbb499a') in 0.020553 seconds
  Import took 0.023790 seconds .

========================================================================
Received Import Request.
  Time since last request: 0.000290 seconds.
  path: Assets/Surce/Sprites/Characters/Humans/Девушка 1.png
  artifactKey: Guid(c5755c7ee888d7744b2c5cae041177f7) Importer(815301076,1909f56bfc062723c751e8b465ee728b)
Start importing Assets/Surce/Sprites/Characters/Humans/Девушка 1.png using Guid(c5755c7ee888d7744b2c5cae041177f7) Importer(815301076,1909f56bfc062723c751e8b465ee728b)  -> (artifact id: 'eddd1b577f198275678edcbfcbedcbf5') in 0.035702 seconds
  Import took 0.040291 seconds .

========================================================================
Received Import Request.
  Time since last request: 0.000223 seconds.
  path: Assets/Surce/Sprites/Characters/Humans/Бабулита 1.png
  artifactKey: Guid(c5f238a98a7c01e4b988b1edba01d634) Importer(815301076,1909f56bfc062723c751e8b465ee728b)
Start importing Assets/Surce/Sprites/Characters/Humans/Бабулита 1.png using Guid(c5f238a98a7c01e4b988b1edba01d634) Importer(815301076,1909f56bfc062723c751e8b465ee728b)  -> (artifact id: '6ba2627336cf90646caaec38769b4960') in 0.033765 seconds
  Import took 0.040149 seconds .

========================================================================
Received Import Request.
  Time since last request: 0.000225 seconds.
  path: Assets/Surce/Sprites/Characters/Humans/Мелкая дефка 1.png
  artifactKey: Guid(53b8f470ca629894dbed18dcd14d9b86) Importer(815301076,1909f56bfc062723c751e8b465ee728b)
Start importing Assets/Surce/Sprites/Characters/Humans/Мелкая дефка 1.png using Guid(53b8f470ca629894dbed18dcd14d9b86) Importer(815301076,1909f56bfc062723c751e8b465ee728b)  -> (artifact id: '9c06b98cf96be75e53b049e8dc7e0b3e') in 0.019749 seconds
  Import took 0.023842 seconds .

AssetImportWorkerClient::OnTransportError - code=2 error=End of file
